<?xml version="1.0" encoding="UTF-8"?>
<!-- Generated by org.testng.reporters.JUnitReportReporter -->
<testsuite hostname="DevOps-Joel" failures="0" tests="1" name="com.Testcases.IQMN_JS_JN2" time="16.469" errors="0" timestamp="25 Feb 2019 13:32:16 GMT" skipped="0">
  <testcase classname="com.Testcases.IQMN_JS_JN2" name="Testing" time="16.469"/>
</testsuite> <!-- com.Testcases.IQMN_JS_JN2 -->
