<?xml version="1.0" encoding="UTF-8"?>
<!-- Generated by org.testng.reporters.JUnitReportReporter -->
<testsuite hostname="DevOps-Joel" failures="0" tests="1" name="com.Testcases.IQMN_JS" time="0.164" errors="0" timestamp="22 Feb 2019 11:11:18 GMT" skipped="0">
  <testcase classname="com.Testcases.IQMN_JS" name="iqmn_js" time="0.164"/>
</testsuite> <!-- com.Testcases.IQMN_JS -->
