<?xml version="1.0" encoding="UTF-8"?>
<!-- Generated by org.testng.reporters.JUnitReportReporter -->
<testsuite hostname="DevOps-Joel" failures="0" tests="1" name="com.Testcases.IQMN_JS_JN" time="9.037" errors="0" timestamp="22 Feb 2019 12:05:03 GMT" skipped="0">
  <testcase classname="com.Testcases.IQMN_JS_JN" name="Testing" time="9.037"/>
</testsuite> <!-- com.Testcases.IQMN_JS_JN -->
