<?xml version="1.0" encoding="UTF-8"?>
<!-- Generated by org.testng.reporters.JUnitReportReporter -->
<testsuite hostname="DevOps-Joel" failures="0" tests="1" name="com.Testcases.IQMN_JS_L" time="0.828" errors="0" timestamp="21 Feb 2019 06:35:12 GMT" skipped="0">
  <testcase classname="com.Testcases.IQMN_JS_L" name="iqmn_js" time="0.828"/>
</testsuite> <!-- com.Testcases.IQMN_JS_L -->
